<?xml version="1.0" encoding="UTF-8"?>
<!-- Generated by org.testng.reporters.JUnitReportReporter -->
<testsuite hostname="mannu" failures="0" tests="3" name="com.IBM.Basics.MyTest1" time="0.010" errors="0" timestamp="2023-07-14T02:33:48 GMT" skipped="0">
  <testcase classname="com.IBM.Basics.MyTest1" name="method1" time="0.009"/>
  <testcase classname="com.IBM.Basics.MyTest1" name="method2" time="0.000"/>
  <testcase classname="com.IBM.Basics.MyTest1" name="method3" time="0.001"/>
</testsuite> <!-- com.IBM.Basics.MyTest1 -->
