<?xml version="1.0" encoding="UTF-8"?>
<!-- Generated by org.testng.reporters.JUnitReportReporter -->
<testsuite hostname="mannu" failures="0" tests="1" name="com.IBM.Basics.MyTest1" time="1.443" errors="0" timestamp="2023-07-15T05:01:06 GMT" skipped="0">
  <testcase classname="com.IBM.Basics.MyTest1" name="googleSearch" time="1.443"/>
</testsuite> <!-- com.IBM.Basics.MyTest1 -->
