<?xml version="1.0" encoding="UTF-8"?>
<!-- Generated by org.testng.reporters.JUnitReportReporter -->
<testsuite hostname="mannu" failures="0" tests="4" name="com.groupingpriority.GroupingPriority" time="0.019" errors="0" timestamp="2023-07-05T22:47:16 GMT" skipped="0">
  <testcase classname="com.groupingpriority.GroupingPriority" name="test2" time="0.010"/>
  <testcase classname="com.groupingpriority.GroupingPriority" name="test1" time="0.005"/>
  <testcase classname="com.groupingpriority.GroupingPriority" name="test3" time="0.002"/>
  <testcase classname="com.groupingpriority.GroupingPriority" name="test5" time="0.002"/>
</testsuite> <!-- com.groupingpriority.GroupingPriority -->
