<?xml version="1.0" encoding="UTF-8"?>
<!-- Generated by org.testng.reporters.JUnitReportReporter -->
<testsuite hostname="mannu" failures="0" tests="3" name="com.IBM.Basics.MyTest1" time="0.027" errors="0" timestamp="2023-07-13T18:39:13 GMT" skipped="0">
  <testcase classname="com.IBM.Basics.MyTest1" name="method1" time="0.019"/>
  <testcase classname="com.IBM.Basics.MyTest1" name="method3" time="0.003"/>
  <testcase classname="com.IBM.Basics.MyTest1" name="method2" time="0.005"/>
</testsuite> <!-- com.IBM.Basics.MyTest1 -->
