<?xml version="1.0" encoding="UTF-8"?>
<!-- Generated by org.testng.reporters.JUnitReportReporter -->
<testsuite hostname="mannu" failures="0" tests="3" name="com.IBM.Basics.MyTest2" time="0.014" errors="0" timestamp="2023-07-13T18:39:13 GMT" skipped="0">
  <testcase classname="com.IBM.Basics.MyTest2" name="object3" time="0.006"/>
  <testcase classname="com.IBM.Basics.MyTest2" name="object1" time="0.004"/>
  <testcase classname="com.IBM.Basics.MyTest2" name="object2" time="0.004"/>
</testsuite> <!-- com.IBM.Basics.MyTest2 -->
