<?xml version="1.0" encoding="UTF-8"?>
<!-- Generated by org.testng.reporters.JUnitReportReporter -->
<testsuite hostname="mannu" failures="0" tests="1" name="Tests.LoginTest" time="7.919" errors="0" timestamp="2023-07-27T06:48:06 GMT" skipped="0">
  <testcase classname="Tests.LoginTest" name="login" time="7.919"/>
</testsuite> <!-- Tests.LoginTest -->
